{"date":"2023-03-18T11:55:21.390Z","level":"info","message":"Request received","method":"GET","service":"user-service","url":"/api-docs"}
{"date":"2023-03-18T11:55:21.465Z","level":"info","message":"Request received","method":"GET","service":"user-service","url":"/api-docs/"}
{"date":"2023-03-18T11:55:21.630Z","level":"info","message":"Request received","method":"GET","service":"user-service","url":"/api-docs/swagger-ui.css"}
{"date":"2023-03-18T11:55:21.633Z","level":"info","message":"Request received","method":"GET","service":"user-service","url":"/api-docs/swagger-ui-bundle.js"}
{"date":"2023-03-18T11:55:21.640Z","level":"info","message":"Request received","method":"GET","service":"user-service","url":"/api-docs/swagger-ui-standalone-preset.js"}
{"date":"2023-03-18T11:55:21.644Z","level":"info","message":"Request received","method":"GET","service":"user-service","url":"/api-docs/swagger-ui-init.js"}
{"date":"2023-03-18T11:55:23.331Z","level":"info","message":"Request received","method":"GET","service":"user-service","url":"/api-docs/favicon-32x32.png"}
{"date":"2023-03-18T11:56:28.283Z","level":"info","message":"Request received","method":"GET","service":"user-service","url":"/api-docs/"}
{"date":"2023-03-18T11:56:28.376Z","level":"info","message":"Request received","method":"GET","service":"user-service","url":"/api-docs/swagger-ui.css"}
{"date":"2023-03-18T11:56:28.382Z","level":"info","message":"Request received","method":"GET","service":"user-service","url":"/api-docs/swagger-ui-bundle.js"}
{"date":"2023-03-18T11:56:28.386Z","level":"info","message":"Request received","method":"GET","service":"user-service","url":"/api-docs/swagger-ui-init.js"}
{"date":"2023-03-18T11:56:28.398Z","level":"info","message":"Request received","method":"GET","service":"user-service","url":"/api-docs/swagger-ui-standalone-preset.js"}
{"date":"2023-03-18T11:56:28.964Z","level":"info","message":"Request received","method":"GET","service":"user-service","url":"/api-docs/favicon-32x32.png"}
{"date":"2023-03-18T12:02:10.800Z","level":"info","message":"Request received","method":"GET","service":"user-service","url":"/api-docs/"}
{"date":"2023-03-18T12:02:10.885Z","level":"info","message":"Request received","method":"GET","service":"user-service","url":"/api-docs/swagger-ui.css"}
{"date":"2023-03-18T12:02:10.889Z","level":"info","message":"Request received","method":"GET","service":"user-service","url":"/api-docs/swagger-ui-bundle.js"}
{"date":"2023-03-18T12:02:10.903Z","level":"info","message":"Request received","method":"GET","service":"user-service","url":"/api-docs/swagger-ui-standalone-preset.js"}
{"date":"2023-03-18T12:02:10.906Z","level":"info","message":"Request received","method":"GET","service":"user-service","url":"/api-docs/swagger-ui-init.js"}
{"date":"2023-03-18T12:02:11.324Z","level":"info","message":"Request received","method":"GET","service":"user-service","url":"/api-docs/favicon-32x32.png"}
{"date":"2023-03-18T12:04:34.661Z","level":"info","message":"Request received","method":"GET","service":"user-service","url":"/api-docs/"}
{"date":"2023-03-18T12:04:34.744Z","level":"info","message":"Request received","method":"GET","service":"user-service","url":"/api-docs/swagger-ui.css"}
{"date":"2023-03-18T12:04:34.759Z","level":"info","message":"Request received","method":"GET","service":"user-service","url":"/api-docs/swagger-ui-bundle.js"}
{"date":"2023-03-18T12:04:34.770Z","level":"info","message":"Request received","method":"GET","service":"user-service","url":"/api-docs/swagger-ui-standalone-preset.js"}
{"date":"2023-03-18T12:04:34.773Z","level":"info","message":"Request received","method":"GET","service":"user-service","url":"/api-docs/swagger-ui-init.js"}
{"date":"2023-03-18T12:04:35.172Z","level":"info","message":"Request received","method":"GET","service":"user-service","url":"/api-docs/favicon-32x32.png"}
{"date":"2023-03-18T12:04:48.524Z","level":"info","message":"Request received","method":"GET","service":"user-service","url":"/api-docs/"}
{"date":"2023-03-18T12:04:48.581Z","level":"info","message":"Request received","method":"GET","service":"user-service","url":"/api-docs/swagger-ui.css"}
{"date":"2023-03-18T12:04:48.591Z","level":"info","message":"Request received","method":"GET","service":"user-service","url":"/api-docs/swagger-ui-bundle.js"}
{"date":"2023-03-18T12:04:48.604Z","level":"info","message":"Request received","method":"GET","service":"user-service","url":"/api-docs/swagger-ui-standalone-preset.js"}
{"date":"2023-03-18T12:04:48.609Z","level":"info","message":"Request received","method":"GET","service":"user-service","url":"/api-docs/swagger-ui-init.js"}
{"date":"2023-03-18T12:04:49.064Z","level":"info","message":"Request received","method":"GET","service":"user-service","url":"/api-docs/favicon-32x32.png"}
{"date":"2023-03-18T12:05:49.706Z","level":"info","message":"Request received","method":"GET","service":"user-service","url":"/api-docs/"}
{"date":"2023-03-18T12:05:49.785Z","level":"info","message":"Request received","method":"GET","service":"user-service","url":"/api-docs/swagger-ui.css"}
{"date":"2023-03-18T12:05:49.802Z","level":"info","message":"Request received","method":"GET","service":"user-service","url":"/api-docs/swagger-ui-bundle.js"}
{"date":"2023-03-18T12:05:49.816Z","level":"info","message":"Request received","method":"GET","service":"user-service","url":"/api-docs/swagger-ui-standalone-preset.js"}
{"date":"2023-03-18T12:05:49.825Z","level":"info","message":"Request received","method":"GET","service":"user-service","url":"/api-docs/swagger-ui-init.js"}
{"date":"2023-03-18T12:05:50.213Z","level":"info","message":"Request received","method":"GET","service":"user-service","url":"/api-docs/favicon-32x32.png"}
{"date":"2023-03-18T12:07:05.429Z","level":"info","message":"Request received","method":"GET","service":"user-service","url":"/api-docs/"}
{"date":"2023-03-18T12:07:05.494Z","level":"info","message":"Request received","method":"GET","service":"user-service","url":"/api-docs/swagger-ui.css"}
{"date":"2023-03-18T12:07:05.501Z","level":"info","message":"Request received","method":"GET","service":"user-service","url":"/api-docs/swagger-ui-bundle.js"}
{"date":"2023-03-18T12:07:05.514Z","level":"info","message":"Request received","method":"GET","service":"user-service","url":"/api-docs/swagger-ui-standalone-preset.js"}
{"date":"2023-03-18T12:07:05.520Z","level":"info","message":"Request received","method":"GET","service":"user-service","url":"/api-docs/swagger-ui-init.js"}
{"date":"2023-03-18T12:07:05.974Z","level":"info","message":"Request received","method":"GET","service":"user-service","url":"/api-docs/favicon-32x32.png"}
{"date":"2023-03-18T12:09:27.137Z","level":"info","message":"Request received","method":"GET","service":"user-service","url":"/api-docs/"}
{"date":"2023-03-18T12:09:27.200Z","level":"info","message":"Request received","method":"GET","service":"user-service","url":"/api-docs/swagger-ui.css"}
{"date":"2023-03-18T12:09:27.204Z","level":"info","message":"Request received","method":"GET","service":"user-service","url":"/api-docs/swagger-ui-bundle.js"}
{"date":"2023-03-18T12:09:27.213Z","level":"info","message":"Request received","method":"GET","service":"user-service","url":"/api-docs/swagger-ui-standalone-preset.js"}
{"date":"2023-03-18T12:09:27.231Z","level":"info","message":"Request received","method":"GET","service":"user-service","url":"/api-docs/swagger-ui-init.js"}
{"date":"2023-03-18T12:09:27.598Z","level":"info","message":"Request received","method":"GET","service":"user-service","url":"/api-docs/favicon-32x32.png"}
{"date":"2023-03-18T12:10:43.626Z","level":"info","message":"Request received","method":"GET","service":"user-service","url":"/api-docs/"}
{"date":"2023-03-18T12:10:43.728Z","level":"info","message":"Request received","method":"GET","service":"user-service","url":"/api-docs/swagger-ui.css"}
{"date":"2023-03-18T12:10:43.735Z","level":"info","message":"Request received","method":"GET","service":"user-service","url":"/api-docs/swagger-ui-bundle.js"}
{"date":"2023-03-18T12:10:43.741Z","level":"info","message":"Request received","method":"GET","service":"user-service","url":"/api-docs/swagger-ui-standalone-preset.js"}
{"date":"2023-03-18T12:10:43.755Z","level":"info","message":"Request received","method":"GET","service":"user-service","url":"/api-docs/swagger-ui-init.js"}
{"date":"2023-03-18T12:10:44.968Z","level":"info","message":"Request received","method":"GET","service":"user-service","url":"/api-docs/favicon-32x32.png"}
{"date":"2023-03-18T12:11:20.372Z","level":"info","message":"Request received","method":"GET","service":"user-service","url":"/api-docs/"}
{"date":"2023-03-18T12:11:20.452Z","level":"info","message":"Request received","method":"GET","service":"user-service","url":"/api-docs/swagger-ui.css"}
{"date":"2023-03-18T12:11:20.471Z","level":"info","message":"Request received","method":"GET","service":"user-service","url":"/api-docs/swagger-ui-bundle.js"}
{"date":"2023-03-18T12:11:20.475Z","level":"info","message":"Request received","method":"GET","service":"user-service","url":"/api-docs/swagger-ui-init.js"}
{"date":"2023-03-18T12:11:20.480Z","level":"info","message":"Request received","method":"GET","service":"user-service","url":"/api-docs/swagger-ui-standalone-preset.js"}
{"date":"2023-03-18T12:11:21.001Z","level":"info","message":"Request received","method":"GET","service":"user-service","url":"/api-docs/favicon-32x32.png"}
{"date":"2023-03-18T12:12:15.984Z","level":"info","message":"Request received","method":"GET","service":"user-service","url":"/api-docs/"}
{"date":"2023-03-18T12:12:16.073Z","level":"info","message":"Request received","method":"GET","service":"user-service","url":"/api-docs/swagger-ui.css"}
{"date":"2023-03-18T12:12:16.085Z","level":"info","message":"Request received","method":"GET","service":"user-service","url":"/api-docs/swagger-ui-standalone-preset.js"}
{"date":"2023-03-18T12:12:16.101Z","level":"info","message":"Request received","method":"GET","service":"user-service","url":"/api-docs/swagger-ui-bundle.js"}
{"date":"2023-03-18T12:12:16.104Z","level":"info","message":"Request received","method":"GET","service":"user-service","url":"/api-docs/swagger-ui-init.js"}
{"date":"2023-03-18T12:12:16.472Z","level":"info","message":"Request received","method":"GET","service":"user-service","url":"/api-docs/favicon-32x32.png"}
{"date":"2023-03-18T12:13:28.892Z","level":"info","message":"Request received","method":"GET","service":"user-service","url":"/api-docs/favicon-32x32.png"}
{"date":"2023-03-18T12:13:28.921Z","level":"info","message":"Request received","method":"GET","service":"user-service","url":"/api-docs/"}
{"date":"2023-03-18T12:13:29.107Z","level":"info","message":"Request received","method":"GET","service":"user-service","url":"/api-docs/swagger-ui.css"}
{"date":"2023-03-18T12:13:29.117Z","level":"info","message":"Request received","method":"GET","service":"user-service","url":"/api-docs/swagger-ui-bundle.js"}
{"date":"2023-03-18T12:13:29.121Z","level":"info","message":"Request received","method":"GET","service":"user-service","url":"/api-docs/swagger-ui-standalone-preset.js"}
{"date":"2023-03-18T12:13:29.123Z","level":"info","message":"Request received","method":"GET","service":"user-service","url":"/api-docs/swagger-ui-init.js"}
{"date":"2023-03-18T12:13:32.976Z","level":"info","message":"Request received","method":"GET","service":"user-service","url":"/api-docs/"}
{"date":"2023-03-18T12:13:33.029Z","level":"info","message":"Request received","method":"GET","service":"user-service","url":"/api-docs/swagger-ui.css"}
{"date":"2023-03-18T12:13:33.040Z","level":"info","message":"Request received","method":"GET","service":"user-service","url":"/api-docs/swagger-ui-bundle.js"}
{"date":"2023-03-18T12:13:33.049Z","level":"info","message":"Request received","method":"GET","service":"user-service","url":"/api-docs/swagger-ui-standalone-preset.js"}
{"date":"2023-03-18T12:13:33.056Z","level":"info","message":"Request received","method":"GET","service":"user-service","url":"/api-docs/swagger-ui-init.js"}
{"date":"2023-03-18T12:13:33.422Z","level":"info","message":"Request received","method":"GET","service":"user-service","url":"/api-docs/favicon-32x32.png"}
{"date":"2023-03-18T12:13:56.838Z","level":"info","message":"Request received","method":"GET","service":"user-service","url":"/api-docs/"}
{"date":"2023-03-18T12:13:56.912Z","level":"info","message":"Request received","method":"GET","service":"user-service","url":"/api-docs/swagger-ui.css"}
{"date":"2023-03-18T12:13:56.930Z","level":"info","message":"Request received","method":"GET","service":"user-service","url":"/api-docs/swagger-ui-bundle.js"}
{"date":"2023-03-18T12:13:56.937Z","level":"info","message":"Request received","method":"GET","service":"user-service","url":"/api-docs/swagger-ui-init.js"}
{"date":"2023-03-18T12:13:56.942Z","level":"info","message":"Request received","method":"GET","service":"user-service","url":"/api-docs/swagger-ui-standalone-preset.js"}
{"date":"2023-03-18T12:13:57.288Z","level":"info","message":"Request received","method":"GET","service":"user-service","url":"/api-docs/favicon-32x32.png"}
{"date":"2023-03-18T12:14:06.576Z","level":"info","message":"Request received","method":"GET","service":"user-service","url":"/api-docs/"}
{"date":"2023-03-18T12:14:06.625Z","level":"info","message":"Request received","method":"GET","service":"user-service","url":"/api-docs/swagger-ui.css"}
{"date":"2023-03-18T12:14:06.631Z","level":"info","message":"Request received","method":"GET","service":"user-service","url":"/api-docs/swagger-ui-bundle.js"}
{"date":"2023-03-18T12:14:06.646Z","level":"info","message":"Request received","method":"GET","service":"user-service","url":"/api-docs/swagger-ui-standalone-preset.js"}
{"date":"2023-03-18T12:14:06.657Z","level":"info","message":"Request received","method":"GET","service":"user-service","url":"/api-docs/swagger-ui-init.js"}
{"date":"2023-03-18T12:14:06.947Z","level":"info","message":"Request received","method":"GET","service":"user-service","url":"/api-docs/favicon-32x32.png"}
{"date":"2023-03-18T12:14:40.464Z","level":"info","message":"Request received","method":"GET","service":"user-service","url":"/api-docs/"}
{"date":"2023-03-18T12:14:40.572Z","level":"info","message":"Request received","method":"GET","service":"user-service","url":"/api-docs/swagger-ui.css"}
{"date":"2023-03-18T12:14:40.578Z","level":"info","message":"Request received","method":"GET","service":"user-service","url":"/api-docs/swagger-ui-bundle.js"}
{"date":"2023-03-18T12:14:40.586Z","level":"info","message":"Request received","method":"GET","service":"user-service","url":"/api-docs/swagger-ui-standalone-preset.js"}
{"date":"2023-03-18T12:14:40.609Z","level":"info","message":"Request received","method":"GET","service":"user-service","url":"/api-docs/swagger-ui-init.js"}
{"date":"2023-03-18T12:14:41.266Z","level":"info","message":"Request received","method":"GET","service":"user-service","url":"/api-docs/favicon-32x32.png"}
{"date":"2023-03-18T12:29:00.797Z","level":"info","message":"Request received","method":"GET","service":"user-service","url":"/"}
{"date":"2023-03-18T12:30:38.116Z","level":"info","message":"Request received","method":"GET","service":"user-service","url":"/"}
{"date":"2023-03-18T12:38:23.451Z","level":"info","message":"Request received","method":"GET","service":"user-service","url":"/api-docs/"}
{"date":"2023-12-28T07:32:28.304Z","level":"info","message":"Request received","method":"POST","service":"user-service","url":"/login"}
{"date":"2023-12-28T07:35:01.612Z","level":"info","message":"Request received","method":"POST","service":"user-service","url":"/login"}
{"date":"2023-12-28T07:42:31.939Z","level":"info","message":"Request received","method":"POST","service":"user-service","url":"/auth/login"}
{"date":"2023-12-28T07:42:32.166Z","level":"error","message":"Invalid credentials","method":"POST","service":"user-service","url":"/login"}
{"date":"2023-12-28T07:47:30.272Z","level":"info","message":"Request received","method":"POST","service":"user-service","url":"/login"}
{"date":"2023-12-28T07:47:30.279Z","level":"error","message":"The Requested Route localhost/login Not Found","method":"POST","service":"user-service","url":"/login"}
{"date":"2024-01-18T13:09:02.492Z","level":"info","message":"Request received","method":"POST","service":"user-service","url":"/auth/register"}
{"date":"2024-01-18T13:09:02.499Z","level":"error","message":"Password must contain at least one uppercase letter, one special character, and one number","method":"POST","service":"user-service","url":"/register"}
{"date":"2024-01-18T13:09:24.964Z","level":"info","message":"Request received","method":"POST","service":"user-service","url":"/auth/register"}
{"date":"2024-01-18T13:09:24.966Z","level":"error","message":"Password must contain at least one uppercase letter, one special character, and one number","method":"POST","service":"user-service","url":"/register"}
{"date":"2024-01-18T13:09:56.551Z","level":"info","message":"Request received","method":"POST","service":"user-service","url":"/auth/register"}
{"date":"2024-01-18T13:09:56.639Z","level":"error","message":"User validation failed: name: Path `name` is required.","method":"POST","service":"user-service","url":"/register"}
{"date":"2024-01-18T13:10:20.934Z","level":"info","message":"Request received","method":"POST","service":"user-service","url":"/auth/register"}
{"date":"2024-01-18T13:13:39.884Z","level":"info","message":"Request received","method":"POST","service":"user-service","url":"/auth/register"}
{"date":"2024-01-18T13:13:39.936Z","level":"error","message":"User already exists","method":"POST","service":"user-service","url":"/register"}
{"date":"2024-01-18T13:13:55.500Z","level":"info","message":"Request received","method":"POST","service":"user-service","url":"/auth/register"}
{"date":"2024-01-18T13:14:52.179Z","level":"info","message":"Request received","method":"POST","service":"user-service","url":"/auth/login"}
{"date":"2024-01-18T13:14:52.339Z","level":"error","message":"Email not verified","method":"POST","service":"user-service","url":"/login"}
{"date":"2024-01-18T13:17:43.156Z","level":"info","message":"Request received","method":"POST","service":"user-service","url":"/auth/register"}
{"date":"2024-01-18T13:18:01.229Z","level":"info","message":"Request received","method":"POST","service":"user-service","url":"/auth/login"}
{"date":"2024-01-18T15:27:36.293Z","level":"info","message":"Request received","method":"POST","service":"user-service","url":"/product/add-product"}
{"date":"2024-01-18T15:28:13.601Z","level":"info","message":"Request received","method":"POST","service":"user-service","url":"/product/add-product"}
{"date":"2024-01-18T15:30:16.531Z","level":"info","message":"Request received","method":"POST","service":"user-service","url":"/auth/login"}
{"date":"2024-01-18T15:30:16.583Z","level":"error","message":"User does not exist","service":"user-service"}
{"date":"2024-01-18T15:30:16.590Z","level":"error","message":"Invalid status code: IncomingMessage {\n  _readableState: [ReadableState],\n  _events: [Object: null prototype] {},\n  _eventsCount: 0,\n  _maxListeners: undefined,\n  socket: [Socket],\n  httpVersionMajor: 1,\n  httpVersionMinor: 1,\n  httpVersion: '1.1',\n  complete: true,\n  rawHeaders: [Array],\n  rawTrailers: [],\n  joinDuplicateHeaders: null,\n  aborted: false,\n  upgrade: false,\n  url: '/login',\n  method: 'POST',\n  statusCode: null,\n  statusMessage: null,\n  client: [Socket],\n  _consuming: true,\n  _dumped: false,\n  next: [Function: next],\n  baseUrl: '/auth',\n  originalUrl: '/auth/login',\n  _parsedUrl: [Url],\n  params: {},\n  query: {},\n  res: [ServerResponse],\n  body: [Object],\n  _body: true,\n  length: undefined,\n  route: [Route],\n  [Symbol(kCapture)]: false,\n  [Symbol(kHeaders)]: [Object],\n  [Symbol(kHeadersCount)]: 16,\n  [Symbol(kTrailers)]: null,\n  [Symbol(kTrailersCount)]: 0\n}","method":"POST","service":"user-service","url":"/login"}
{"date":"2024-01-18T15:31:00.726Z","level":"info","message":"Request received","method":"POST","service":"user-service","url":"/auth/register"}
{"date":"2024-01-18T15:33:58.641Z","level":"info","message":"Request received","method":"POST","service":"user-service","url":"/auth/register"}
{"date":"2024-01-18T15:35:04.785Z","level":"info","message":"Request received","method":"POST","service":"user-service","url":"/auth/register"}
{"date":"2024-01-18T15:35:04.839Z","level":"error","message":"User already exists","method":"POST","service":"user-service","url":"/register"}
{"date":"2024-01-18T15:35:27.512Z","level":"info","message":"Request received","method":"POST","service":"user-service","url":"/auth/register"}
{"date":"2024-01-18T15:37:20.570Z","level":"info","message":"Request received","method":"POST","service":"user-service","url":"/auth/register"}
{"date":"2024-01-18T15:38:14.343Z","level":"info","message":"Request received","method":"POST","service":"user-service","url":"/auth/register"}
{"date":"2024-01-18T15:39:04.918Z","level":"info","message":"Request received","method":"POST","service":"user-service","url":"/auth/register"}
{"date":"2024-01-18T15:39:24.699Z","level":"info","message":"Request received","method":"POST","service":"user-service","url":"/auth/login"}
{"date":"2024-01-18T15:39:45.296Z","level":"info","message":"Request received","method":"POST","service":"user-service","url":"/product/add-product"}
{"date":"2024-01-18T16:10:35.465Z","level":"info","message":"Request received","method":"PUT","service":"user-service","url":"/product/update-product/65a946415016acd3a78a1503"}
{"date":"2024-01-18T16:10:35.607Z","level":"error","message":{"message":"Product has been not Found"},"method":"PUT","service":"user-service","url":"/update-product/65a946415016acd3a78a1503"}
{"date":"2024-01-18T16:12:01.340Z","level":"info","message":"Request received","method":"PUT","service":"user-service","url":"/product/update-product/65a946415016acd3a78a1503"}
{"date":"2024-01-18T16:12:01.477Z","level":"error","message":{"message":"Product has been not Found"},"method":"PUT","service":"user-service","url":"/update-product/65a946415016acd3a78a1503"}
{"date":"2024-01-18T16:13:17.510Z","level":"info","message":"Request received","method":"PUT","service":"user-service","url":"/product/update-product/65a946415016acd3a78a1503"}
{"date":"2024-01-18T16:13:17.612Z","level":"error","message":{"message":"Product has been not Found"},"method":"PUT","service":"user-service","url":"/update-product/65a946415016acd3a78a1503"}
{"date":"2024-01-18T16:13:45.608Z","level":"info","message":"Request received","method":"PUT","service":"user-service","url":"/product/update-product/65a946415016acd3a78a1503"}
{"date":"2024-01-18T16:13:45.707Z","level":"error","message":{"message":"Product has been not Found"},"method":"PUT","service":"user-service","url":"/update-product/65a946415016acd3a78a1503"}
{"date":"2024-01-18T16:14:23.165Z","level":"info","message":"Request received","method":"PUT","service":"user-service","url":"/product/update-product/65a946415016acd3a78a1503"}
{"date":"2024-01-18T16:15:21.014Z","level":"info","message":"Request received","method":"PUT","service":"user-service","url":"/product/update-product/65a946415016acd3a78a1503"}
{"date":"2024-01-18T16:21:40.733Z","level":"info","message":"Request received","method":"PUT","service":"user-service","url":"/product/update-product/65a946415016acd3a78a1503"}
{"date":"2024-01-18T16:21:40.883Z","level":"error","message":{"message":"Product has not been found"},"method":"PUT","service":"user-service","url":"/update-product/65a946415016acd3a78a1503"}
{"date":"2024-01-18T16:24:44.013Z","level":"info","message":"Request received","method":"PUT","service":"user-service","url":"/product/update-product/65a946415016acd3a78a1503"}
{"date":"2024-01-18T16:24:44.163Z","level":"error","message":{"message":"Product has not been found"},"method":"PUT","service":"user-service","url":"/update-product/65a946415016acd3a78a1503"}
{"date":"2024-01-18T16:26:19.550Z","level":"info","message":"Request received","method":"PUT","service":"user-service","url":"/product/update-product/65a946415016acd3a78a1503"}
{"date":"2024-01-18T16:26:19.626Z","level":"error","message":{"message":"Internal Server Error"},"method":"PUT","service":"user-service","url":"/update-product/65a946415016acd3a78a1503"}
{"date":"2024-01-18T16:26:50.067Z","level":"info","message":"Request received","method":"PUT","service":"user-service","url":"/product/update-product/65a946415016acd3a78a1503"}
{"date":"2024-01-18T16:26:50.198Z","level":"error","message":{"message":"Internal Server Error"},"method":"PUT","service":"user-service","url":"/update-product/65a946415016acd3a78a1503"}
{"date":"2024-01-18T16:31:53.720Z","level":"info","message":"Request received","method":"PUT","service":"user-service","url":"/product/update-product/65a946415016acd3a78a1503"}
{"date":"2024-01-18T16:33:45.851Z","level":"info","message":"Request received","method":"PUT","service":"user-service","url":"/product/update-product/65a946415016acd3a78a1503"}
{"date":"2024-01-18T16:33:45.926Z","level":"error","message":"Parameter \"filter\" to findOne() must be an object, got \"65a946415016acd3a78a1503\" (type string)","method":"PUT","service":"user-service","url":"/update-product/65a946415016acd3a78a1503"}
{"date":"2024-01-18T16:34:38.627Z","level":"info","message":"Request received","method":"PUT","service":"user-service","url":"/product/update-product/65a946415016acd3a78a1503"}
{"date":"2024-01-18T16:34:38.701Z","level":"error","message":"_id is not defined","method":"PUT","service":"user-service","url":"/update-product/65a946415016acd3a78a1503"}
{"date":"2024-01-18T16:34:58.533Z","level":"info","message":"Request received","method":"PUT","service":"user-service","url":"/product/update-product/65a946415016acd3a78a1503"}
{"date":"2024-01-18T16:34:58.655Z","level":"error","message":{"message":"Product has been not Found"},"method":"PUT","service":"user-service","url":"/update-product/65a946415016acd3a78a1503"}
{"date":"2024-01-18T16:38:05.056Z","level":"info","message":"Request received","method":"PUT","service":"user-service","url":"/product/update-product/65a946415016acd3a78a1503"}
{"date":"2024-01-18T16:42:12.477Z","level":"info","message":"Request received","method":"PUT","service":"user-service","url":"/product/update-product/65a946415016acd3a78a1503"}
{"date":"2024-01-18T16:42:12.608Z","level":"error","message":"productId is not defined","method":"PUT","service":"user-service","url":"/update-product/65a946415016acd3a78a1503"}
{"date":"2024-01-18T16:46:22.717Z","level":"info","message":"Request received","method":"PUT","service":"user-service","url":"/product/update-product/65a946415016acd3a78a1503"}
{"date":"2024-01-18T16:46:22.821Z","level":"error","message":"productId is not defined","method":"PUT","service":"user-service","url":"/update-product/65a946415016acd3a78a1503"}
{"date":"2024-01-18T16:46:58.174Z","level":"info","message":"Request received","method":"PUT","service":"user-service","url":"/product/update-product/65a946415016acd3a78a1503"}
{"date":"2024-01-18T17:20:05.389Z","level":"info","message":"Request received","method":"DELETE","service":"user-service","url":"/product/delete-product/65a946415016acd3a78a1503"}
{"date":"2024-01-18T17:22:09.495Z","level":"info","message":"Request received","method":"DELETE","service":"user-service","url":"/product/delete-product/65a946415016acd3a78a1503"}
{"date":"2024-01-18T17:23:55.585Z","level":"info","message":"Request received","method":"DELETE","service":"user-service","url":"/product/delete-product/65a946415016acd3a78a1503"}
{"date":"2024-01-18T17:24:24.826Z","level":"info","message":"Request received","method":"POST","service":"user-service","url":"/product/add-product"}
{"date":"2024-01-18T18:12:49.566Z","level":"info","message":"Request received","method":"POST","service":"user-service","url":"/product/add-product"}
{"date":"2024-01-18T18:13:04.491Z","level":"info","message":"Request received","method":"POST","service":"user-service","url":"/product/add-product"}
{"date":"2024-01-18T18:13:20.506Z","level":"info","message":"Request received","method":"POST","service":"user-service","url":"/product/add-product"}
{"date":"2024-01-18T18:15:35.129Z","level":"info","message":"Request received","method":"POST","service":"user-service","url":"/auth/register"}
{"date":"2024-01-18T18:16:33.097Z","level":"info","message":"Request received","method":"POST","service":"user-service","url":"/auth/login"}
{"date":"2024-01-18T18:17:48.754Z","level":"info","message":"Request received","method":"POST","service":"user-service","url":"/cart/add-to-cart/65a946415016acd3a78a1503"}
{"date":"2024-01-18T18:17:48.857Z","level":"error","message":{"message":"Product has not been found"},"method":"POST","service":"user-service","url":"/add-to-cart/65a946415016acd3a78a1503"}
{"date":"2024-01-18T18:18:49.826Z","level":"info","message":"Request received","method":"POST","service":"user-service","url":"/cart/add-to-cart/65a96a21c5ba8613f53a553f"}
{"date":"2024-01-18T18:23:50.667Z","level":"info","message":"Request received","method":"POST","service":"user-service","url":"/cart/add-to-cart/65a96a21c5ba8613f53a553f"}
{"date":"2024-01-18T18:36:48.325Z","level":"info","message":"Request received","method":"POST","service":"user-service","url":"/cart/add-to-cart/65a96a21c5ba8613f53a553f"}
{"date":"2024-01-18T18:39:31.026Z","level":"info","message":"Request received","method":"POST","service":"user-service","url":"/cart/add-to-cart/65a96a30c5ba8613f53a5542"}
{"date":"2024-01-18T18:40:11.697Z","level":"info","message":"Request received","method":"POST","service":"user-service","url":"/cart/add-to-cart/65a96a30c5ba8613f53a5542"}
{"date":"2024-01-18T18:41:13.206Z","level":"info","message":"Request received","method":"POST","service":"user-service","url":"/cart/add-to-cart/65a96a30c5ba8613f53a5542"}
{"date":"2024-01-18T18:50:41.063Z","level":"info","message":"Request received","method":"POST","service":"user-service","url":"/cart/add-to-cart/65a96a40c5ba8613f53a5545"}
{"date":"2024-01-18T18:51:14.214Z","level":"info","message":"Request received","method":"POST","service":"user-service","url":"/cart/add-to-cart/65a96a40c5ba8613f53a5545"}
{"date":"2024-01-18T18:51:44.910Z","level":"info","message":"Request received","method":"POST","service":"user-service","url":"/cart/add-to-cart/65a96a40c5ba8613f53a5545"}
{"date":"2024-01-18T18:54:42.827Z","level":"info","message":"Request received","method":"POST","service":"user-service","url":"/cart/add-to-cart/65a96a40c5ba8613f53a5545"}
{"date":"2024-01-18T18:59:48.897Z","level":"info","message":"Request received","method":"POST","service":"user-service","url":"/cart/add-to-cart/65a96a40c5ba8613f53a5545"}
{"date":"2024-01-18T19:25:54.383Z","level":"info","message":"Request received","method":"POST","service":"user-service","url":"/cart/get-cart"}
{"date":"2024-01-18T19:39:49.553Z","level":"info","message":"Request received","method":"POST","service":"user-service","url":"/cart/get-cart"}
{"date":"2024-01-18T19:40:41.394Z","level":"info","message":"Request received","method":"POST","service":"user-service","url":"/cart/add-to-cart/65a96a40c5ba8613f53a5545"}
{"date":"2024-01-18T19:40:57.034Z","level":"info","message":"Request received","method":"POST","service":"user-service","url":"/cart/get-cart"}
{"date":"2024-01-18T19:48:03.263Z","level":"info","message":"Request received","method":"POST","service":"user-service","url":"/cart/add-to-cart/65a96a40c5ba8613f53a5545"}
{"date":"2024-01-18T19:48:11.820Z","level":"info","message":"Request received","method":"POST","service":"user-service","url":"/cart/get-cart"}
{"date":"2024-01-20T09:37:00.899Z","level":"info","message":"Request received","method":"POST","service":"user-service","url":"/cart/get-cart"}
{"date":"2024-01-20T09:37:38.623Z","level":"info","message":"Request received","method":"POST","service":"user-service","url":"/auth/login"}
{"date":"2024-01-20T09:37:54.981Z","level":"info","message":"Request received","method":"POST","service":"user-service","url":"/cart/get-cart"}
{"date":"2024-01-20T09:38:29.106Z","level":"info","message":"Request received","method":"POST","service":"user-service","url":"/cart/get-cart"}
{"date":"2024-01-20T10:20:07.351Z","level":"info","message":"Request received","method":"GET","service":"user-service","url":"/product/get-product?page=2&limit=12"}
{"date":"2024-01-20T10:20:44.083Z","level":"info","message":"Request received","method":"GET","service":"user-service","url":"/product/get-product?page=2&limit=12"}
{"date":"2024-01-20T10:21:48.194Z","level":"info","message":"Request received","method":"POST","service":"user-service","url":"/auth/login"}
{"date":"2024-01-20T10:22:10.354Z","level":"info","message":"Request received","method":"GET","service":"user-service","url":"/product/get-product?page=2&limit=12"}
{"date":"2024-01-20T10:24:17.105Z","level":"info","message":"Request received","method":"GET","service":"user-service","url":"/product/get-product?page=1&limit=12"}
{"date":"2024-01-20T10:48:27.564Z","level":"info","message":"Request received","method":"POST","service":"user-service","url":"/product/add-product"}
{"date":"2024-01-20T10:49:06.936Z","level":"info","message":"Request received","method":"POST","service":"user-service","url":"/product/add-product"}
{"date":"2024-01-20T11:32:10.514Z","level":"info","message":"Request received","method":"POST","service":"user-service","url":"/product/add-product"}
{"date":"2024-01-20T11:43:14.573Z","level":"info","message":"Request received","method":"POST","service":"user-service","url":"/product/add-product"}
{"date":"2024-01-20T11:43:14.654Z","level":"error","message":"Cannot read properties of undefined (reading 'method')","method":"POST","service":"user-service","url":"/add-product"}
{"date":"2024-01-20T11:46:47.812Z","level":"info","message":"Request received","method":"POST","service":"user-service","url":"/product/add-product"}
{"date":"2024-01-20T11:46:47.885Z","level":"error","message":"Cannot read properties of undefined (reading 'method')","method":"POST","service":"user-service","url":"/add-product"}
{"date":"2024-01-20T11:47:31.854Z","level":"info","message":"Request received","method":"POST","service":"user-service","url":"/product/add-product"}
{"date":"2024-01-20T11:47:31.970Z","level":"error","message":"Cannot read properties of undefined (reading 'method')","method":"POST","service":"user-service","url":"/add-product"}
{"date":"2024-01-20T11:48:04.214Z","level":"info","message":"Request received","method":"POST","service":"user-service","url":"/product/add-product"}
{"date":"2024-01-20T11:48:04.300Z","level":"error","message":"Cannot read properties of undefined (reading 'method')","method":"POST","service":"user-service","url":"/add-product"}
{"date":"2024-01-20T11:55:33.496Z","level":"info","message":"Request received","method":"POST","service":"user-service","url":"/product/add-product"}
{"date":"2024-01-20T11:55:33.841Z","level":"error","message":"Cannot read properties of undefined (reading 'method')","method":"POST","service":"user-service","url":"/add-product"}
{"date":"2024-01-20T12:45:37.526Z","level":"info","message":"Request received","method":"POST","service":"user-service","url":"/product/add-product"}
{"date":"2024-01-20T12:45:37.668Z","level":"error","message":"Cannot read properties of undefined (reading 'method')","method":"POST","service":"user-service","url":"/add-product"}
{"date":"2024-01-20T12:54:52.792Z","level":"info","message":"Request received","method":"POST","service":"user-service","url":"/product/add-product"}
{"date":"2024-01-20T12:54:52.865Z","level":"error","message":"Cannot read properties of undefined (reading 'method')","method":"POST","service":"user-service","url":"/add-product"}
{"date":"2024-01-20T13:00:53.596Z","level":"info","message":"Request received","method":"POST","service":"user-service","url":"/product/add-product"}
{"date":"2024-01-20T13:00:53.678Z","level":"error","message":"Cannot read properties of undefined (reading 'method')","method":"POST","service":"user-service","url":"/add-product"}
{"date":"2024-01-20T13:02:11.314Z","level":"info","message":"Request received","method":"POST","service":"user-service","url":"/product/add-product"}
{"date":"2024-01-20T13:02:11.401Z","level":"error","message":"Cannot read properties of undefined (reading 'method')","method":"POST","service":"user-service","url":"/add-product"}
{"date":"2024-01-20T13:05:04.316Z","level":"info","message":"Request received","method":"POST","service":"user-service","url":"/product/add-product"}
{"date":"2024-01-20T13:05:04.398Z","level":"error","message":"Cannot read properties of undefined (reading 'method')","method":"POST","service":"user-service","url":"/add-product"}
{"date":"2024-01-20T13:05:50.536Z","level":"info","message":"Request received","method":"POST","service":"user-service","url":"/product/add-product"}
{"date":"2024-01-20T13:05:50.601Z","level":"error","message":"Cannot read properties of undefined (reading 'method')","method":"POST","service":"user-service","url":"/add-product"}
{"date":"2024-01-20T13:07:08.411Z","level":"info","message":"Request received","method":"POST","service":"user-service","url":"/product/add-product"}
{"date":"2024-01-20T13:07:08.480Z","level":"error","message":"stock_quantity is not defined","method":"POST","service":"user-service","url":"/add-product"}
{"date":"2024-01-20T13:07:43.270Z","level":"info","message":"Request received","method":"POST","service":"user-service","url":"/product/add-product"}
{"date":"2024-01-20T13:09:55.985Z","level":"info","message":"Request received","method":"POST","service":"user-service","url":"/product/add-product"}
{"date":"2024-01-20T13:17:23.150Z","level":"info","message":"Request received","method":"POST","service":"user-service","url":"/product/add-product"}
{"date":"2024-01-20T13:17:23.265Z","level":"error","message":"size is not defined","method":"POST","service":"user-service","url":"/add-product"}
{"date":"2024-01-20T13:18:05.997Z","level":"info","message":"Request received","method":"POST","service":"user-service","url":"/product/add-product"}
{"date":"2024-01-20T13:18:06.116Z","level":"error","message":"stock_quantity is not defined","method":"POST","service":"user-service","url":"/add-product"}
{"date":"2024-01-20T13:19:17.883Z","level":"info","message":"Request received","method":"POST","service":"user-service","url":"/product/add-product"}
{"date":"2024-01-20T13:20:37.640Z","level":"info","message":"Request received","method":"POST","service":"user-service","url":"/product/add-product"}
{"date":"2024-01-20T13:22:34.641Z","level":"info","message":"Request received","method":"POST","service":"user-service","url":"/product/add-product"}
{"date":"2024-01-20T13:29:08.435Z","level":"info","message":"Request received","method":"POST","service":"user-service","url":"/product/add-product"}
{"date":"2024-01-20T13:29:08.511Z","level":"error","message":"size is not defined","method":"POST","service":"user-service","url":"/add-product"}
{"date":"2024-01-20T13:29:54.687Z","level":"info","message":"Request received","method":"POST","service":"user-service","url":"/product/add-product"}
{"date":"2024-01-20T13:34:58.830Z","level":"info","message":"Request received","method":"POST","service":"user-service","url":"/product/add-product"}
